<?xml version="1.0" encoding="UTF-8"?>
<!-- Generated by org.testng.reporters.JUnitReportReporter -->
<testsuite hostname="DESKTOP-DJ4FDME" failures="0" tests="1" name="org.fb.automation.testcases.TS01_LoginScenario" time="5.624" errors="0" timestamp="2024-07-02T19:56:18 IST" skipped="0">
  <testcase classname="org.fb.automation.testcases.TS01_LoginScenario" name="tc01_validateloginfunctionaility" time="5.624"/>
</testsuite> <!-- org.fb.automation.testcases.TS01_LoginScenario -->
